{
  "RSpec": {
    "coverage": {
      "/Users/dev/Desktop/Internalpoints/railsinstagram/app/models/user.rb": {
        "lines": [
          null,
          null,
          null,
          1,
          null,
          null,
          1,
          null,
          1,
          1,
          1,
          1,
          1,
          null,
          1,
          null,
          1,
          null,
          1,
          null,
          null,
          1,
          null,
          null,
          1,
          null,
          1,
          1,
          1,
          null,
          1,
          null,
          2,
          null
        ]
      },
      "/Users/dev/Desktop/Internalpoints/railsinstagram/app/models/comment.rb": {
        "lines": [
          null,
          null,
          null,
          1,
          1,
          1,
          1,
          null
        ]
      },
      "/Users/dev/Desktop/Internalpoints/railsinstagram/app/models/like.rb": {
        "lines": [
          null,
          null,
          null,
          1,
          1,
          1,
          1,
          null
        ]
      },
      "/Users/dev/Desktop/Internalpoints/railsinstagram/app/models/photo.rb": {
        "lines": [
          null,
          null,
          null,
          1,
          1,
          1,
          1,
          1,
          null,
          1,
          null,
          1,
          76,
          null,
          null,
          null
        ]
      },
      "/Users/dev/Desktop/Internalpoints/railsinstagram/app/models/post.rb": {
        "lines": [
          null,
          null,
          null,
          1,
          1,
          1,
          1,
          1,
          1,
          1,
          null,
          1,
          9,
          null,
          null,
          1,
          null,
          1,
          162,
          null,
          null
        ]
      },
      "/Users/dev/Desktop/Internalpoints/railsinstagram/app/models/relationship.rb": {
        "lines": [
          null,
          null,
          null,
          1,
          1,
          1,
          1,
          1,
          null,
          1,
          1,
          null,
          1,
          null,
          null
        ]
      },
      "/Users/dev/Desktop/Internalpoints/railsinstagram/app/models/story.rb": {
        "lines": [
          null,
          null,
          null,
          1,
          1,
          1,
          1,
          1,
          1,
          null,
          1,
          null,
          1,
          1,
          null,
          null,
          1,
          8,
          null,
          null
        ]
      },
      "/Users/dev/Desktop/Internalpoints/railsinstagram/app/controllers/comments_controller.rb": {
        "lines": [
          null,
          null,
          null,
          1,
          1,
          1,
          1,
          1,
          1,
          null,
          null,
          1,
          3,
          3,
          2,
          1,
          null,
          1,
          null,
          null,
          null,
          1,
          2,
          1,
          null,
          1,
          null,
          null,
          null,
          1,
          2,
          1,
          null,
          1,
          null,
          null,
          null,
          1,
          null,
          1,
          5,
          null,
          null,
          1,
          7,
          null,
          null,
          1,
          7,
          null,
          null
        ]
      },
      "/Users/dev/Desktop/Internalpoints/railsinstagram/app/controllers/posts_controller.rb": {
        "lines": [
          null,
          null,
          null,
          1,
          1,
          1,
          1,
          1,
          null,
          1,
          5,
          1,
          null,
          4,
          null,
          5,
          null,
          null,
          1,
          null,
          1,
          1,
          null,
          null,
          1,
          null,
          1,
          2,
          1,
          null,
          1,
          null,
          2,
          null,
          null,
          1,
          2,
          null,
          null,
          1,
          2,
          1,
          null,
          1,
          null,
          2,
          null,
          null,
          1,
          null,
          1,
          12,
          null,
          null,
          1,
          4,
          null,
          null,
          1,
          2,
          2,
          null,
          1,
          1,
          null,
          null,
          null,
          1,
          2,
          2,
          13,
          null,
          2,
          1,
          null,
          1,
          1,
          null,
          null,
          null,
          null,
          1,
          12,
          null,
          null
        ]
      }
    },
    "timestamp": 1663832282
  }
}
